2013/03/21 18:39:20 にビルドを開始しました。
     1>ノード 2 上のプロジェクト "d:\visual studio 2010\Projects\shooting\shooting\shooting.vcxproj" (build ターゲット)。
     1>InitializeBuildStatus:
         "AlwaysCreate" が指定されたため "Debug\shooting.unsuccessfulbuild" を作成しています。
       ClCompile:
         c:\Program Files (x86)\Microsoft Visual Studio 10.0\VC\bin\CL.exe /c /ZI /nologo /W3 /WX- /Od /Oy- /D WIN32 /D _DEBUG /D _WINDOWS /D _MBCS /Gm /EHsc /RTC1 /MTd /GS /fp:precise /Zc:wchar_t /Zc:forScope /Fo"Debug\\" /Fd"Debug\vc100.pdb" /Gd /TP /analyze- /errorReport:prompt main.cpp
         スキップ中... (関連する変更は検出されませんでした)
         main.cpp
       ManifestResourceCompile:
         すべての出力が最新のものです。
       Link:
         c:\Program Files (x86)\Microsoft Visual Studio 10.0\VC\bin\link.exe /ERRORREPORT:PROMPT /OUT:"d:\visual studio 2010\Projects\shooting\Debug\shooting.exe" /INCREMENTAL /NOLOGO kernel32.lib user32.lib gdi32.lib winspool.lib comdlg32.lib advapi32.lib shell32.lib ole32.lib oleaut32.lib uuid.lib odbc32.lib odbccp32.lib /MANIFEST /ManifestFile:"Debug\shooting.exe.intermediate.manifest" /MANIFESTUAC:"level='asInvoker' uiAccess='false'" /DEBUG /PDB:"d:\visual studio 2010\Projects\shooting\Debug\shooting.pdb" /SUBSYSTEM:WINDOWS /TLBID:1 /DYNAMICBASE /NXCOMPAT /IMPLIB:"d:\visual studio 2010\Projects\shooting\Debug\shooting.lib" /MACHINE:X86 Debug\shooting.exe.embed.manifest.res
         Debug\main.obj
       Manifest:
         C:\Program Files (x86)\Microsoft SDKs\Windows\v7.0A\bin\mt.exe /nologo /verbose /out:"Debug\shooting.exe.embed.manifest" /manifest Debug\shooting.exe.intermediate.manifest
         すべての出力が最新のものです。
       LinkEmbedManifest:
         すべての出力が最新のものです。
         shooting.vcxproj -> d:\visual studio 2010\Projects\shooting\Debug\shooting.exe
       FinalizeBuildStatus:
         ファイル "Debug\shooting.unsuccessfulbuild" を削除しています。
         "Debug\shooting.lastbuildstate" のタッチ タスクを実行しています。
     1>プロジェクト "d:\visual studio 2010\Projects\shooting\shooting\shooting.vcxproj" (build ターゲット) のビルドが完了しました。

ビルドに成功しました。

経過時間 00:00:05.17
